::1 - - [04/Feb/2022:04:20:37 +0000] "GET /products HTTP/1.1" 200 38678
::1 - - [04/Feb/2022:04:20:37 +0000] "GET /css/bootstrap.min.css HTTP/1.1" 304 -
::1 - - [04/Feb/2022:04:20:37 +0000] "GET /css/styles.css HTTP/1.1" 304 -
::1 - - [04/Feb/2022:04:20:37 +0000] "GET /js/bootstrap.min.js HTTP/1.1" 304 -
::1 - - [04/Feb/2022:04:20:38 +0000] "GET /fonts/glyphicons-halflings-regular.woff HTTP/1.1" 404 178
::1 - - [04/Feb/2022:04:20:38 +0000] "GET /fonts/glyphicons-halflings-regular.ttf HTTP/1.1" 404 177
::1 - - [04/Feb/2022:04:20:42 +0000] "GET /products HTTP/1.1" 304 -
::1 - - [04/Feb/2022:04:20:42 +0000] "GET /css/bootstrap.min.css HTTP/1.1" 304 -
::1 - - [04/Feb/2022:04:20:42 +0000] "GET /css/styles.css HTTP/1.1" 304 -
::1 - - [04/Feb/2022:04:20:42 +0000] "GET /js/bootstrap.min.js HTTP/1.1" 304 -
::1 - - [04/Feb/2022:04:20:42 +0000] "GET /fonts/glyphicons-halflings-regular.woff HTTP/1.1" 404 178
::1 - - [04/Feb/2022:04:20:42 +0000] "GET /fonts/glyphicons-halflings-regular.ttf HTTP/1.1" 404 177
::1 - - [04/Feb/2022:04:20:45 +0000] "GET /category HTTP/1.1" 304 -
::1 - - [04/Feb/2022:04:20:45 +0000] "GET /css/bootstrap.min.css HTTP/1.1" 304 -
::1 - - [04/Feb/2022:04:20:45 +0000] "GET /css/styles.css HTTP/1.1" 304 -
::1 - - [04/Feb/2022:04:20:45 +0000] "GET /js/bootstrap.min.js HTTP/1.1" 304 -
::1 - - [04/Feb/2022:04:20:46 +0000] "GET /fonts/glyphicons-halflings-regular.woff HTTP/1.1" 404 178
::1 - - [04/Feb/2022:04:20:46 +0000] "GET /fonts/glyphicons-halflings-regular.ttf HTTP/1.1" 404 177
::1 - - [04/Feb/2022:04:20:47 +0000] "GET /products HTTP/1.1" 304 -
::1 - - [04/Feb/2022:04:20:47 +0000] "GET /css/bootstrap.min.css HTTP/1.1" 304 -
::1 - - [04/Feb/2022:04:20:47 +0000] "GET /css/styles.css HTTP/1.1" 304 -
::1 - - [04/Feb/2022:04:20:47 +0000] "GET /js/bootstrap.min.js HTTP/1.1" 304 -
::1 - - [04/Feb/2022:04:20:47 +0000] "GET /fonts/glyphicons-halflings-regular.woff HTTP/1.1" 404 178
::1 - - [04/Feb/2022:04:20:47 +0000] "GET /fonts/glyphicons-halflings-regular.ttf HTTP/1.1" 404 177
::1 - - [04/Feb/2022:04:24:59 +0000] "GET /products HTTP/1.1" 200 50448
::1 - - [04/Feb/2022:04:24:59 +0000] "GET /css/bootstrap.min.css HTTP/1.1" 304 -
::1 - - [04/Feb/2022:04:24:59 +0000] "GET /css/styles.css HTTP/1.1" 304 -
::1 - - [04/Feb/2022:04:24:59 +0000] "GET /js/bootstrap.min.js HTTP/1.1" 304 -
::1 - - [04/Feb/2022:04:25:00 +0000] "GET /fonts/glyphicons-halflings-regular.woff HTTP/1.1" 404 178
::1 - - [04/Feb/2022:04:25:00 +0000] "GET /fonts/glyphicons-halflings-regular.ttf HTTP/1.1" 404 177
